<?xml version="1.0" encoding="UTF-8"?>
<!-- Generated by org.testng.reporters.JUnitReportReporter -->
<testsuite hostname="SSSLT025" failures="0" tests="1" name="allPages.CustomerIssues" time="38.667" errors="0" timestamp="2024-04-15T15:19:14 IST" skipped="0">
  <testcase classname="allPages.CustomerIssues" name="ACHMailTimeChckS2Sale" time="38.667"/>
</testsuite> <!-- allPages.CustomerIssues -->
