<?xml version="1.0" encoding="UTF-8"?>
<!-- Generated by org.testng.reporters.JUnitReportReporter -->
<testsuite hostname="SSSLT025" failures="0" tests="1" name="allPages.BankSetup" time="11.785" errors="0" timestamp="2024-04-09T15:58:22 IST" skipped="0">
  <testcase classname="allPages.BankSetup" name="TC33" time="11.785"/>
</testsuite> <!-- allPages.BankSetup -->
