<?xml version="1.0" encoding="UTF-8"?>
<!-- Generated by org.testng.reporters.JUnitReportReporter -->
<testsuite hostname="SSSLT025" failures="0" tests="1" name="allPages.InstallerSetup" time="26.627" errors="0" timestamp="2024-04-02T17:06:11 IST" skipped="0">
  <testcase classname="allPages.InstallerSetup" name="TC11" time="26.627"/>
</testsuite> <!-- allPages.InstallerSetup -->
