<?xml version="1.0" encoding="UTF-8"?>
<!-- Generated by org.testng.reporters.JUnitReportReporter -->
<testsuite hostname="SSSLT025" failures="0" tests="1" name="allPages.InstallerSetup" time="11.350" errors="0" timestamp="2024-04-09T16:46:29 IST" skipped="0">
  <testcase classname="allPages.InstallerSetup" name="TC25" time="11.350"/>
</testsuite> <!-- allPages.InstallerSetup -->
