<?xml version="1.0" encoding="UTF-8"?>
<!-- Generated by org.testng.reporters.JUnitReportReporter -->
<testsuite hostname="SSSLT025" failures="0" tests="7" name="allPages.CustomerGroup" time="98.894" errors="0" timestamp="2024-04-03T13:25:31 IST" skipped="0">
  <testcase classname="allPages.CustomerGroup" name="CustomerGroupBtnClick" time="10.761"/>
  <testcase classname="allPages.CustomerGroup" name="TC01" time="13.560"/>
  <testcase classname="allPages.CustomerGroup" name="TC02" time="13.171"/>
  <testcase classname="allPages.CustomerGroup" name="TC03" time="13.554"/>
  <testcase classname="allPages.CustomerGroup" name="TC04" time="14.025"/>
  <testcase classname="allPages.CustomerGroup" name="TC05" time="19.131"/>
  <testcase classname="allPages.CustomerGroup" name="TC06" time="14.692"/>
</testsuite> <!-- allPages.CustomerGroup -->
