<?xml version="1.0" encoding="UTF-8"?>
<!-- Generated by org.testng.reporters.JUnitReportReporter -->
<testsuite hostname="SSSLT025" failures="0" tests="2" name="allPages.InvestorSetup" time="53.280" errors="0" timestamp="2024-04-09T17:09:39 IST" skipped="1">
  <testcase classname="allPages.InvestorSetup" name="TC32" time="12.040"/>
  <testcase classname="allPages.InvestorSetup" name="TC32" time="41.240">
    <skipped/>
  </testcase> <!-- TC32 -->
</testsuite> <!-- allPages.InvestorSetup -->
