<?xml version="1.0" encoding="UTF-8"?>
<!-- Generated by org.testng.reporters.JUnitReportReporter -->
<testsuite hostname="SSSLT025" failures="0" tests="1" name="allPages.BankSetup" time="26.088" errors="0" timestamp="2024-03-30T15:29:34 IST" skipped="0">
  <testcase classname="allPages.BankSetup" name="TC31" time="26.088"/>
</testsuite> <!-- allPages.BankSetup -->
