<?xml version="1.0" encoding="UTF-8"?>
<!-- Generated by org.testng.reporters.JUnitReportReporter -->
<testsuite hostname="SSSLT025" failures="0" tests="1" name="allPages.CustomerList" time="8.703" errors="0" timestamp="2024-04-05T09:48:25 IST" skipped="0">
  <testcase classname="allPages.CustomerList" name="setUp" time="8.703"/>
</testsuite> <!-- allPages.CustomerList -->
