<?xml version="1.0" encoding="UTF-8"?>
<!-- Generated by org.testng.reporters.JUnitReportReporter -->
<testsuite hostname="SSSLT025" failures="0" tests="1" name="allPages.BankSetup" time="17.370" errors="0" timestamp="2024-04-02T14:45:20 IST" skipped="0">
  <testcase classname="allPages.BankSetup" name="TC22" time="17.370"/>
</testsuite> <!-- allPages.BankSetup -->
