<?xml version="1.0" encoding="UTF-8"?>
<!-- Generated by org.testng.reporters.JUnitReportReporter -->
<testsuite hostname="SSSLT025" failures="0" tests="11" name="allPages.CustomerACHUpload" time="158.028" errors="0" timestamp="2024-04-05T10:17:20 IST" skipped="0">
  <testcase classname="allPages.CustomerACHUpload" name="ACHUploadClick" time="11.089"/>
  <testcase classname="allPages.CustomerACHUpload" name="TC01" time="13.533"/>
  <testcase classname="allPages.CustomerACHUpload" name="TC02" time="15.572"/>
  <testcase classname="allPages.CustomerACHUpload" name="TC03" time="11.691"/>
  <testcase classname="allPages.CustomerACHUpload" name="TC04" time="13.116"/>
  <testcase classname="allPages.CustomerACHUpload" name="TC05" time="12.951"/>
  <testcase classname="allPages.CustomerACHUpload" name="TC06" time="15.335"/>
  <testcase classname="allPages.CustomerACHUpload" name="TC07" time="14.116"/>
  <testcase classname="allPages.CustomerACHUpload" name="TC08" time="18.563"/>
  <testcase classname="allPages.CustomerACHUpload" name="TC09" time="14.033"/>
  <testcase classname="allPages.CustomerACHUpload" name="TC11" time="18.029"/>
</testsuite> <!-- allPages.CustomerACHUpload -->
