<?xml version="1.0" encoding="UTF-8"?>
<!-- Generated by org.testng.reporters.JUnitReportReporter -->
<testsuite hostname="SSSLT025" failures="0" tests="1" name="allPages.InvoicePayAndCreate" time="24.254" errors="0" timestamp="2024-04-08T12:34:52 IST" skipped="0">
  <testcase classname="allPages.InvoicePayAndCreate" name="TC28" time="24.254"/>
</testsuite> <!-- allPages.InvoicePayAndCreate -->
