<?xml version="1.0" encoding="UTF-8"?>
<!-- Generated by org.testng.reporters.JUnitReportReporter -->
<testsuite hostname="SSSLT025" failures="0" tests="34" name="allPages.InvestorSetup" time="647.511" errors="0" timestamp="2024-04-03T13:23:07 IST" skipped="0">
  <testcase classname="allPages.InvestorSetup" name="InvestorBtnClick" time="10.609"/>
  <testcase classname="allPages.InvestorSetup" name="TC01" time="14.015"/>
  <testcase classname="allPages.InvestorSetup" name="TC02" time="18.117"/>
  <testcase classname="allPages.InvestorSetup" name="TC03" time="12.160"/>
  <testcase classname="allPages.InvestorSetup" name="TC04" time="13.854"/>
  <testcase classname="allPages.InvestorSetup" name="TC05" time="12.036"/>
  <testcase classname="allPages.InvestorSetup" name="TC06" time="18.230"/>
  <testcase classname="allPages.InvestorSetup" name="TC07" time="17.683"/>
  <testcase classname="allPages.InvestorSetup" name="TC08" time="17.633"/>
  <testcase classname="allPages.InvestorSetup" name="TC09" time="22.078"/>
  <testcase classname="allPages.InvestorSetup" name="TC10" time="20.271"/>
  <testcase classname="allPages.InvestorSetup" name="TC11" time="15.976"/>
  <testcase classname="allPages.InvestorSetup" name="TC12" time="17.626"/>
  <testcase classname="allPages.InvestorSetup" name="TC13" time="13.619"/>
  <testcase classname="allPages.InvestorSetup" name="TC14" time="14.548"/>
  <testcase classname="allPages.InvestorSetup" name="TC15" time="44.383"/>
  <testcase classname="allPages.InvestorSetup" name="TC16" time="23.187"/>
  <testcase classname="allPages.InvestorSetup" name="TC17" time="13.703"/>
  <testcase classname="allPages.InvestorSetup" name="TC19" time="17.174"/>
  <testcase classname="allPages.InvestorSetup" name="TC20" time="16.881"/>
  <testcase classname="allPages.InvestorSetup" name="TC21" time="14.356"/>
  <testcase classname="allPages.InvestorSetup" name="TC22" time="41.150"/>
  <testcase classname="allPages.InvestorSetup" name="TC23" time="15.926"/>
  <testcase classname="allPages.InvestorSetup" name="TC24" time="20.494"/>
  <testcase classname="allPages.InvestorSetup" name="TC25" time="17.666"/>
  <testcase classname="allPages.InvestorSetup" name="TC26" time="16.444"/>
  <testcase classname="allPages.InvestorSetup" name="TC27" time="14.168"/>
  <testcase classname="allPages.InvestorSetup" name="TC28" time="15.921"/>
  <testcase classname="allPages.InvestorSetup" name="TC29" time="25.069"/>
  <testcase classname="allPages.InvestorSetup" name="TC30" time="16.292"/>
  <testcase classname="allPages.InvestorSetup" name="TC31" time="20.623"/>
  <testcase classname="allPages.InvestorSetup" name="TC32" time="39.250"/>
  <testcase classname="allPages.InvestorSetup" name="TC33" time="18.899"/>
  <testcase classname="allPages.InvestorSetup" name="TC34" time="17.470"/>
</testsuite> <!-- allPages.InvestorSetup -->
