<?xml version="1.0" encoding="UTF-8"?>
<!-- Generated by org.testng.reporters.JUnitReportReporter -->
<testsuite hostname="SSSLT025" failures="0" tests="1" name="allPages.CustomerList" time="6.985" errors="0" timestamp="2024-04-08T11:27:05 IST" skipped="0">
  <testcase classname="allPages.CustomerList" name="ACHFormClick" time="6.985"/>
</testsuite> <!-- allPages.CustomerList -->
