<?xml version="1.0" encoding="UTF-8"?>
<!-- Generated by org.testng.reporters.JUnitReportReporter -->
<testsuite hostname="SSSLT025" failures="0" tests="1" name="allPages.InvestorSetup" time="20.911" errors="0" timestamp="2024-03-30T15:49:42 IST" skipped="0">
  <testcase classname="allPages.InvestorSetup" name="TC29" time="20.911"/>
</testsuite> <!-- allPages.InvestorSetup -->
