<?xml version="1.0" encoding="UTF-8"?>
<!-- Generated by org.testng.reporters.JUnitReportReporter -->
<testsuite hostname="SSSLT025" failures="0" tests="1" name="allPages.CustomerIssues" time="18.011" errors="0" timestamp="2024-04-10T15:47:08 IST" skipped="0">
  <testcase classname="allPages.CustomerIssues" name="TC01" time="18.011"/>
</testsuite> <!-- allPages.CustomerIssues -->
