<?xml version="1.0" encoding="UTF-8"?>
<!-- Generated by org.testng.reporters.JUnitReportReporter -->
<testsuite hostname="SSSLT025" failures="0" tests="1" name="allPages.ViewUser" time="80.557" errors="0" timestamp="2024-04-09T15:15:08 IST" skipped="0">
  <testcase classname="allPages.ViewUser" name="TC23" time="80.557"/>
</testsuite> <!-- allPages.ViewUser -->
