<?xml version="1.0" encoding="UTF-8"?>
<!-- Generated by org.testng.reporters.JUnitReportReporter -->
<testsuite hostname="SSSLT025" failures="0" tests="3" name="allPages.AllReportModules" time="13.445" errors="0" timestamp="2024-04-05T12:32:18 IST" skipped="2">
  <testcase classname="allPages.AllReportModules" name="TC02" time="13.445"/>
  <testcase classname="allPages.AllReportModules" name="TC29">
    <skipped/>
  </testcase> <!-- TC29 -->
  <testcase classname="allPages.AllReportModules" name="TC30">
    <skipped/>
  </testcase> <!-- TC30 -->
</testsuite> <!-- allPages.AllReportModules -->
