<?xml version="1.0" encoding="UTF-8"?>
<!-- Generated by org.testng.reporters.JUnitReportReporter -->
<testsuite hostname="SSSLT025" failures="0" tests="1" name="allPages.InstallerSetup" time="17.788" errors="0" timestamp="2024-04-22T16:59:43 IST" skipped="0">
  <testcase classname="allPages.InstallerSetup" name="TC21" time="17.788"/>
</testsuite> <!-- allPages.InstallerSetup -->
