<?xml version="1.0" encoding="UTF-8"?>
<!-- Generated by org.testng.reporters.JUnitReportReporter -->
<testsuite hostname="SSSLT025" failures="0" tests="1" name="allPages.InstallerSetup" time="19.870" errors="0" timestamp="2024-03-30T15:35:31 IST" skipped="0">
  <testcase classname="allPages.InstallerSetup" name="TC18" time="19.870"/>
</testsuite> <!-- allPages.InstallerSetup -->
