<?xml version="1.0" encoding="UTF-8"?>
<!-- Generated by org.testng.reporters.JUnitReportReporter -->
<testsuite hostname="SSSLT025" failures="0" tests="2" name="allPages.Login" time="4.464" errors="0" timestamp="2024-04-10T18:03:50 IST" skipped="1">
  <testcase classname="allPages.Login" name="Login_TC2" time="4.464"/>
  <testcase classname="allPages.Login" name="Login_TC8">
    <skipped/>
  </testcase> <!-- Login_TC8 -->
</testsuite> <!-- allPages.Login -->
