<?xml version="1.0" encoding="UTF-8"?>
<!-- Generated by org.testng.reporters.JUnitReportReporter -->
<testsuite hostname="SSSLT025" failures="0" tests="1" name="allPages.CustomerIssues" time="16.779" errors="0" timestamp="2024-04-18T15:32:06 IST" skipped="0">
  <testcase classname="allPages.CustomerIssues" name="FailedStsChck" time="16.779"/>
</testsuite> <!-- allPages.CustomerIssues -->
